<?xml version="1.0" encoding="UTF-8"?>
<testng-results skipped="0" failed="0" ignored="0" total="1" passed="1">
  <reporter-output>
  </reporter-output>
  <suite name="Surefire suite" duration-ms="41" started-at="2021-10-19T12:36:21 CDT" finished-at="2021-10-19T12:36:21 CDT">
    <groups>
    </groups>
    <test name="Surefire test" duration-ms="41" started-at="2021-10-19T12:36:21 CDT" finished-at="2021-10-19T12:36:21 CDT">
      <class name="com.qa.test.PageTest">
        <test-method status="PASS" signature="pagetest()[pri:0, instance:com.qa.test.PageTest@6536e911]" name="pagetest" duration-ms="5" started-at="2021-10-19T12:36:21 CDT" finished-at="2021-10-19T12:36:21 CDT">
          <reporter-output>
          </reporter-output>
        </test-method> <!-- pagetest -->
      </class> <!-- com.qa.test.PageTest -->
    </test> <!-- Surefire test -->
  </suite> <!-- Surefire suite -->
</testng-results>
