<?xml version="1.0" encoding="UTF-8"?>
<testng-results ignored="0" total="1" passed="1" failed="0" skipped="0">
  <reporter-output>
  </reporter-output>
  <suite started-at="2021-10-19T12:36:01 CDT" name="Default suite" finished-at="2021-10-19T12:36:01 CDT" duration-ms="43">
    <groups>
    </groups>
    <test started-at="2021-10-19T12:36:01 CDT" name="Default test" finished-at="2021-10-19T12:36:01 CDT" duration-ms="43">
      <class name="com.qa.test.PageTest">
        <test-method signature="pagetest()[pri:0, instance:com.qa.test.PageTest@193f604a]" started-at="2021-10-19T12:36:01 CDT" name="pagetest" finished-at="2021-10-19T12:36:01 CDT" duration-ms="7" status="PASS">
          <reporter-output>
          </reporter-output>
        </test-method> <!-- pagetest -->
      </class> <!-- com.qa.test.PageTest -->
    </test> <!-- Default test -->
  </suite> <!-- Default suite -->
</testng-results>
